[24-Sep-2024 12:35:02 Europe/Berlin] Mật khẩu đã băm từ cơ sở dữ liệu: 
[24-Sep-2024 12:35:02 Europe/Berlin] Mật khẩu người dùng nhập vào: 123456
[24-Sep-2024 12:35:02 Europe/Berlin] PHP Deprecated:  password_verify(): Passing null to parameter #2 ($hash) of type string is deprecated in C:\xampp\htdocs\website-py\Graphics\login\dangnhap.php on line 34
[24-Sep-2024 12:35:05 Europe/Berlin] Mật khẩu đã băm từ cơ sở dữ liệu: 
[24-Sep-2024 12:35:05 Europe/Berlin] Mật khẩu người dùng nhập vào: 123456
[24-Sep-2024 12:35:05 Europe/Berlin] PHP Deprecated:  password_verify(): Passing null to parameter #2 ($hash) of type string is deprecated in C:\xampp\htdocs\website-py\Graphics\login\dangnhap.php on line 34
[24-Sep-2024 12:37:32 Europe/Berlin] PHP Fatal error:  Uncaught mysqli_sql_exception: Commands out of sync; you can't run this command now in C:\xampp\htdocs\website-py\Graphics\login\dangnhap.php:32
Stack trace:
#0 C:\xampp\htdocs\website-py\Graphics\login\dangnhap.php(32): mysqli_stmt->fetch()
#1 {main}
  thrown in C:\xampp\htdocs\website-py\Graphics\login\dangnhap.php on line 32
[24-Sep-2024 12:39:12 Europe/Berlin] PHP Warning:  Undefined variable $result in C:\xampp\htdocs\website-py\Graphics\login\dangnhap.php on line 29
[24-Sep-2024 12:39:12 Europe/Berlin] PHP Warning:  Attempt to read property "num_rows" on null in C:\xampp\htdocs\website-py\Graphics\login\dangnhap.php on line 29
[24-Sep-2024 12:39:12 Europe/Berlin] PHP Warning:  Undefined variable $result in C:\xampp\htdocs\website-py\Graphics\login\dangnhap.php on line 29
[24-Sep-2024 12:39:12 Europe/Berlin] PHP Warning:  Attempt to read property "num_rows" on null in C:\xampp\htdocs\website-py\Graphics\login\dangnhap.php on line 29
[24-Sep-2024 12:39:13 Europe/Berlin] PHP Warning:  Undefined variable $result in C:\xampp\htdocs\website-py\Graphics\login\dangnhap.php on line 29
[24-Sep-2024 12:39:13 Europe/Berlin] PHP Warning:  Attempt to read property "num_rows" on null in C:\xampp\htdocs\website-py\Graphics\login\dangnhap.php on line 29
[24-Sep-2024 12:45:33 Europe/Berlin] Mật khẩu đã băm từ cơ sở dữ liệu: $2y$10$g8ZX6e0nzV7t0HnsCddCIu6Ta5YrFMRY5j7j8o
[24-Sep-2024 12:45:33 Europe/Berlin] Mật khẩu người dùng nhập vào: 123456
[24-Sep-2024 12:49:04 Europe/Berlin] Mật khẩu đã băm từ cơ sở dữ liệu: $2y$10$g8ZX6e0nzV7t0HnsCddCIu6Ta5YrFMRY5j7j8o
[24-Sep-2024 12:49:04 Europe/Berlin] Mật khẩu người dùng nhập vào: 123456
[24-Sep-2024 12:58:47 Europe/Berlin] Mật khẩu đã băm từ cơ sở dữ liệu: abc
[24-Sep-2024 12:58:47 Europe/Berlin] Mật khẩu người dùng nhập vào: abc
[24-Sep-2024 13:02:37 Europe/Berlin] Mật khẩu đã băm từ cơ sở dữ liệu: abc
[24-Sep-2024 13:02:37 Europe/Berlin] Mật khẩu người dùng nhập vào: abc
[24-Sep-2024 13:48:40 Europe/Berlin] Mật khẩu đã băm từ cơ sở dữ liệu: abc
[24-Sep-2024 13:48:40 Europe/Berlin] Mật khẩu người dùng nhập vào: abc
[24-Sep-2024 15:01:52 Europe/Berlin] Mật khẩu đã băm từ cơ sở dữ liệu: 12345
[24-Sep-2024 15:01:52 Europe/Berlin] Mật khẩu người dùng nhập vào: 12345
[24-Sep-2024 15:02:20 Europe/Berlin] Mật khẩu đã băm từ cơ sở dữ liệu: 12345
[24-Sep-2024 15:02:20 Europe/Berlin] Mật khẩu người dùng nhập vào: 12345
[24-Sep-2024 15:03:43 Europe/Berlin] Mật khẩu đã băm từ cơ sở dữ liệu: 12345
[24-Sep-2024 15:03:43 Europe/Berlin] Mật khẩu người dùng nhập vào: 12345
[24-Sep-2024 15:05:13 Europe/Berlin] Mật khẩu đã băm từ cơ sở dữ liệu: 123456
[24-Sep-2024 15:05:13 Europe/Berlin] Mật khẩu người dùng nhập vào: 123456
[24-Sep-2024 15:34:58 Europe/Berlin] Mật khẩu đã băm từ cơ sở dữ liệu: 123456
[24-Sep-2024 15:34:58 Europe/Berlin] Mật khẩu người dùng nhập vào: 12345
[24-Sep-2024 15:35:00 Europe/Berlin] Mật khẩu đã băm từ cơ sở dữ liệu: 123456
[24-Sep-2024 15:35:00 Europe/Berlin] Mật khẩu người dùng nhập vào: 123456
[24-Sep-2024 15:53:13 Europe/Berlin] Mật khẩu đã băm từ cơ sở dữ liệu: 123456
[24-Sep-2024 15:53:13 Europe/Berlin] Mật khẩu người dùng nhập vào: 12345
[24-Sep-2024 15:53:15 Europe/Berlin] Mật khẩu đã băm từ cơ sở dữ liệu: 123456
[24-Sep-2024 15:53:15 Europe/Berlin] Mật khẩu người dùng nhập vào: 123456
[24-Sep-2024 16:35:56 Europe/Berlin] Mật khẩu đã băm từ cơ sở dữ liệu: 123456
[24-Sep-2024 16:35:56 Europe/Berlin] Mật khẩu người dùng nhập vào: 12345
[24-Sep-2024 16:35:58 Europe/Berlin] Mật khẩu đã băm từ cơ sở dữ liệu: 123456
[24-Sep-2024 16:35:58 Europe/Berlin] Mật khẩu người dùng nhập vào: 123456
[24-Sep-2024 18:24:02 Europe/Berlin] Mật khẩu đã băm từ cơ sở dữ liệu: 123456
[24-Sep-2024 18:24:02 Europe/Berlin] Mật khẩu người dùng nhập vào: 123456
[24-Sep-2024 18:25:50 Europe/Berlin] Mật khẩu đã băm từ cơ sở dữ liệu: 123
[24-Sep-2024 18:25:50 Europe/Berlin] Mật khẩu người dùng nhập vào: 123
[24-Sep-2024 18:28:48 Europe/Berlin] Mật khẩu đã băm từ cơ sở dữ liệu: 123
[24-Sep-2024 18:28:48 Europe/Berlin] Mật khẩu người dùng nhập vào: 123
[24-Sep-2024 18:31:12 Europe/Berlin] Mật khẩu đã băm từ cơ sở dữ liệu: 123
[24-Sep-2024 18:31:12 Europe/Berlin] Mật khẩu người dùng nhập vào: 123
[24-Sep-2024 18:32:45 Europe/Berlin] Mật khẩu đã băm từ cơ sở dữ liệu: 123
[24-Sep-2024 18:32:45 Europe/Berlin] Mật khẩu người dùng nhập vào: 123
[24-Sep-2024 18:34:30 Europe/Berlin] Mật khẩu đã băm từ cơ sở dữ liệu: 123
[24-Sep-2024 18:34:30 Europe/Berlin] Mật khẩu người dùng nhập vào: 123
[24-Sep-2024 18:34:30 Europe/Berlin] Vai trò: admin
[24-Sep-2024 18:35:30 Europe/Berlin] Mật khẩu đã băm từ cơ sở dữ liệu: 123
[24-Sep-2024 18:35:30 Europe/Berlin] Mật khẩu người dùng nhập vào: 123
[24-Sep-2024 18:35:30 Europe/Berlin] Vai trò: admin
[24-Sep-2024 18:36:57 Europe/Berlin] Mật khẩu đã băm từ cơ sở dữ liệu: 123
[24-Sep-2024 18:36:57 Europe/Berlin] Mật khẩu người dùng nhập vào: 123
[24-Sep-2024 18:36:57 Europe/Berlin] Vai trò: admin
[24-Sep-2024 18:36:58 Europe/Berlin] Mật khẩu đã băm từ cơ sở dữ liệu: 123
[24-Sep-2024 18:36:58 Europe/Berlin] Mật khẩu người dùng nhập vào: 123
[24-Sep-2024 18:36:58 Europe/Berlin] Vai trò: admin
[24-Sep-2024 18:37:11 Europe/Berlin] Mật khẩu đã băm từ cơ sở dữ liệu: 123
[24-Sep-2024 18:37:11 Europe/Berlin] Mật khẩu người dùng nhập vào: 123
[24-Sep-2024 18:37:11 Europe/Berlin] Vai trò: admin
[24-Sep-2024 18:37:13 Europe/Berlin] Mật khẩu đã băm từ cơ sở dữ liệu: 123
[24-Sep-2024 18:37:13 Europe/Berlin] Mật khẩu người dùng nhập vào: 123
[24-Sep-2024 18:37:13 Europe/Berlin] Vai trò: admin
[24-Sep-2024 18:37:13 Europe/Berlin] Mật khẩu đã băm từ cơ sở dữ liệu: 123
[24-Sep-2024 18:37:13 Europe/Berlin] Mật khẩu người dùng nhập vào: 123
[24-Sep-2024 18:37:13 Europe/Berlin] Vai trò: admin
[24-Sep-2024 18:44:10 Europe/Berlin] Mật khẩu đã băm từ cơ sở dữ liệu: 123
[24-Sep-2024 18:44:10 Europe/Berlin] Mật khẩu người dùng nhập vào: 123
[24-Sep-2024 18:44:10 Europe/Berlin] Vai trò: admin
[24-Sep-2024 18:44:11 Europe/Berlin] Mật khẩu đã băm từ cơ sở dữ liệu: 123
[24-Sep-2024 18:44:11 Europe/Berlin] Mật khẩu người dùng nhập vào: 123
[24-Sep-2024 18:44:11 Europe/Berlin] Vai trò: admin
[24-Sep-2024 18:44:11 Europe/Berlin] Mật khẩu đã băm từ cơ sở dữ liệu: 123
[24-Sep-2024 18:44:11 Europe/Berlin] Mật khẩu người dùng nhập vào: 123
[24-Sep-2024 18:44:11 Europe/Berlin] Vai trò: admin
[24-Sep-2024 18:44:24 Europe/Berlin] Mật khẩu đã băm từ cơ sở dữ liệu: 123
[24-Sep-2024 18:44:24 Europe/Berlin] Mật khẩu người dùng nhập vào: 123
[24-Sep-2024 18:44:24 Europe/Berlin] Vai trò: admin
[24-Sep-2024 18:44:25 Europe/Berlin] Mật khẩu đã băm từ cơ sở dữ liệu: 123
[24-Sep-2024 18:44:25 Europe/Berlin] Mật khẩu người dùng nhập vào: 123
[24-Sep-2024 18:44:25 Europe/Berlin] Vai trò: admin
[24-Sep-2024 18:44:25 Europe/Berlin] Mật khẩu đã băm từ cơ sở dữ liệu: 123
[24-Sep-2024 18:44:25 Europe/Berlin] Mật khẩu người dùng nhập vào: 123
[24-Sep-2024 18:44:25 Europe/Berlin] Vai trò: admin
[24-Sep-2024 18:47:58 Europe/Berlin] Mật khẩu đã băm từ cơ sở dữ liệu: 123
[24-Sep-2024 18:47:58 Europe/Berlin] Mật khẩu người dùng nhập vào: 123
[24-Sep-2024 18:47:58 Europe/Berlin] Vai trò: admin
[24-Sep-2024 18:47:58 Europe/Berlin] Mật khẩu đã băm từ cơ sở dữ liệu: 123
[24-Sep-2024 18:47:58 Europe/Berlin] Mật khẩu người dùng nhập vào: 123
[24-Sep-2024 18:47:58 Europe/Berlin] Vai trò: admin
[24-Sep-2024 18:47:59 Europe/Berlin] Mật khẩu đã băm từ cơ sở dữ liệu: 123
[24-Sep-2024 18:47:59 Europe/Berlin] Mật khẩu người dùng nhập vào: 123
[24-Sep-2024 18:47:59 Europe/Berlin] Vai trò: admin
[24-Sep-2024 18:48:09 Europe/Berlin] Mật khẩu đã băm từ cơ sở dữ liệu: 123456
[24-Sep-2024 18:48:09 Europe/Berlin] Mật khẩu người dùng nhập vào: 123456
[24-Sep-2024 18:48:09 Europe/Berlin] Vai trò: user
[24-Sep-2024 18:48:10 Europe/Berlin] Mật khẩu đã băm từ cơ sở dữ liệu: 123456
[24-Sep-2024 18:48:10 Europe/Berlin] Mật khẩu người dùng nhập vào: 123456
[24-Sep-2024 18:48:10 Europe/Berlin] Vai trò: user
[24-Sep-2024 18:48:11 Europe/Berlin] Mật khẩu đã băm từ cơ sở dữ liệu: 123456
[24-Sep-2024 18:48:11 Europe/Berlin] Mật khẩu người dùng nhập vào: 123456
[24-Sep-2024 18:48:11 Europe/Berlin] Vai trò: user
[24-Sep-2024 18:48:22 Europe/Berlin] Mật khẩu đã băm từ cơ sở dữ liệu: 123456
[24-Sep-2024 18:48:22 Europe/Berlin] Mật khẩu người dùng nhập vào: 123456
[24-Sep-2024 18:48:22 Europe/Berlin] Vai trò: user
[24-Sep-2024 18:48:22 Europe/Berlin] Mật khẩu đã băm từ cơ sở dữ liệu: 123456
[24-Sep-2024 18:48:22 Europe/Berlin] Mật khẩu người dùng nhập vào: 123456
[24-Sep-2024 18:48:22 Europe/Berlin] Vai trò: user
[24-Sep-2024 18:48:22 Europe/Berlin] Mật khẩu đã băm từ cơ sở dữ liệu: 123456
[24-Sep-2024 18:48:22 Europe/Berlin] Mật khẩu người dùng nhập vào: 123456
[24-Sep-2024 18:48:22 Europe/Berlin] Vai trò: user
[24-Sep-2024 18:52:15 Europe/Berlin] Mật khẩu đã băm từ cơ sở dữ liệu: 123456
[24-Sep-2024 18:52:15 Europe/Berlin] Mật khẩu người dùng nhập vào: 123456
[24-Sep-2024 18:52:15 Europe/Berlin] Vai trò: user
[24-Sep-2024 18:52:27 Europe/Berlin] Mật khẩu đã băm từ cơ sở dữ liệu: 123
[24-Sep-2024 18:52:27 Europe/Berlin] Mật khẩu người dùng nhập vào: 123
[24-Sep-2024 18:52:27 Europe/Berlin] Vai trò: admin
[24-Sep-2024 18:52:28 Europe/Berlin] Mật khẩu đã băm từ cơ sở dữ liệu: 123
[24-Sep-2024 18:52:28 Europe/Berlin] Mật khẩu người dùng nhập vào: 123
[24-Sep-2024 18:52:28 Europe/Berlin] Vai trò: admin
[24-Sep-2024 18:52:28 Europe/Berlin] Mật khẩu đã băm từ cơ sở dữ liệu: 123
[24-Sep-2024 18:52:28 Europe/Berlin] Mật khẩu người dùng nhập vào: 123
[24-Sep-2024 18:52:28 Europe/Berlin] Vai trò: admin
[24-Sep-2024 18:52:28 Europe/Berlin] Mật khẩu đã băm từ cơ sở dữ liệu: 123
[24-Sep-2024 18:52:28 Europe/Berlin] Mật khẩu người dùng nhập vào: 123
[24-Sep-2024 18:52:28 Europe/Berlin] Vai trò: admin
[24-Sep-2024 18:52:28 Europe/Berlin] Mật khẩu đã băm từ cơ sở dữ liệu: 123
[24-Sep-2024 18:52:28 Europe/Berlin] Mật khẩu người dùng nhập vào: 123
[24-Sep-2024 18:52:28 Europe/Berlin] Vai trò: admin
[24-Sep-2024 18:52:50 Europe/Berlin] Mật khẩu đã băm từ cơ sở dữ liệu: 123456
[24-Sep-2024 18:52:50 Europe/Berlin] Mật khẩu người dùng nhập vào: 123456
[24-Sep-2024 18:52:50 Europe/Berlin] Vai trò: user
[24-Sep-2024 19:20:22 Europe/Berlin] Mật khẩu đã băm từ cơ sở dữ liệu: 123456
[24-Sep-2024 19:20:22 Europe/Berlin] Mật khẩu người dùng nhập vào: 12345
[24-Sep-2024 19:20:22 Europe/Berlin] Vai trò: user
[24-Sep-2024 19:20:28 Europe/Berlin] Mật khẩu đã băm từ cơ sở dữ liệu: 123456
[24-Sep-2024 19:20:28 Europe/Berlin] Mật khẩu người dùng nhập vào: 123456
[24-Sep-2024 19:20:28 Europe/Berlin] Vai trò: user
[24-Sep-2024 19:20:29 Europe/Berlin] Mật khẩu đã băm từ cơ sở dữ liệu: 123456
[24-Sep-2024 19:20:29 Europe/Berlin] Mật khẩu người dùng nhập vào: 123456
[24-Sep-2024 19:20:29 Europe/Berlin] Vai trò: user
[24-Sep-2024 19:20:29 Europe/Berlin] Mật khẩu đã băm từ cơ sở dữ liệu: 123456
[24-Sep-2024 19:20:29 Europe/Berlin] Mật khẩu người dùng nhập vào: 123456
[24-Sep-2024 19:20:29 Europe/Berlin] Vai trò: user
[24-Sep-2024 19:20:29 Europe/Berlin] Mật khẩu đã băm từ cơ sở dữ liệu: 123456
[24-Sep-2024 19:20:29 Europe/Berlin] Mật khẩu người dùng nhập vào: 123456
[24-Sep-2024 19:20:29 Europe/Berlin] Vai trò: user
[24-Sep-2024 19:20:43 Europe/Berlin] Mật khẩu đã băm từ cơ sở dữ liệu: 123
[24-Sep-2024 19:20:43 Europe/Berlin] Mật khẩu người dùng nhập vào: 123
[24-Sep-2024 19:20:43 Europe/Berlin] Vai trò: admin
[24-Sep-2024 19:20:44 Europe/Berlin] Mật khẩu đã băm từ cơ sở dữ liệu: 123
[24-Sep-2024 19:20:44 Europe/Berlin] Mật khẩu người dùng nhập vào: 123
[24-Sep-2024 19:20:44 Europe/Berlin] Vai trò: admin
[24-Sep-2024 19:20:44 Europe/Berlin] Mật khẩu đã băm từ cơ sở dữ liệu: 123
[24-Sep-2024 19:20:44 Europe/Berlin] Mật khẩu người dùng nhập vào: 123
[24-Sep-2024 19:20:44 Europe/Berlin] Vai trò: admin
[24-Sep-2024 19:21:28 Europe/Berlin] Mật khẩu đã băm từ cơ sở dữ liệu: 123
[24-Sep-2024 19:21:28 Europe/Berlin] Mật khẩu người dùng nhập vào: 123
[24-Sep-2024 19:21:28 Europe/Berlin] Vai trò: admin
[24-Sep-2024 19:21:29 Europe/Berlin] Mật khẩu đã băm từ cơ sở dữ liệu: 123
[24-Sep-2024 19:21:29 Europe/Berlin] Mật khẩu người dùng nhập vào: 123
[24-Sep-2024 19:21:29 Europe/Berlin] Vai trò: admin
[24-Sep-2024 19:21:29 Europe/Berlin] Mật khẩu đã băm từ cơ sở dữ liệu: 123
[24-Sep-2024 19:21:29 Europe/Berlin] Mật khẩu người dùng nhập vào: 123
[24-Sep-2024 19:21:29 Europe/Berlin] Vai trò: admin
[24-Sep-2024 19:21:29 Europe/Berlin] Mật khẩu đã băm từ cơ sở dữ liệu: 123
[24-Sep-2024 19:21:29 Europe/Berlin] Mật khẩu người dùng nhập vào: 123
[24-Sep-2024 19:21:29 Europe/Berlin] Vai trò: admin
[24-Sep-2024 19:21:37 Europe/Berlin] Mật khẩu đã băm từ cơ sở dữ liệu: 123456
[24-Sep-2024 19:21:37 Europe/Berlin] Mật khẩu người dùng nhập vào: 123456
[24-Sep-2024 19:21:37 Europe/Berlin] Vai trò: user
[24-Sep-2024 19:24:09 Europe/Berlin] Mật khẩu đã băm từ cơ sở dữ liệu: 123456
[24-Sep-2024 19:24:09 Europe/Berlin] Mật khẩu người dùng nhập vào: 123456
[24-Sep-2024 19:24:11 Europe/Berlin] Mật khẩu đã băm từ cơ sở dữ liệu: 123456
[24-Sep-2024 19:24:11 Europe/Berlin] Mật khẩu người dùng nhập vào: 123456
[24-Sep-2024 19:24:40 Europe/Berlin] Mật khẩu đã băm từ cơ sở dữ liệu: 123456
[24-Sep-2024 19:24:40 Europe/Berlin] Mật khẩu người dùng nhập vào: 123456
[24-Sep-2024 19:24:49 Europe/Berlin] Mật khẩu đã băm từ cơ sở dữ liệu: 123456
[24-Sep-2024 19:24:49 Europe/Berlin] Mật khẩu người dùng nhập vào: 123456
[24-Sep-2024 19:25:04 Europe/Berlin] Mật khẩu đã băm từ cơ sở dữ liệu: 123456
[24-Sep-2024 19:25:04 Europe/Berlin] Mật khẩu người dùng nhập vào: 123456
[25-Sep-2024 09:15:08 Europe/Berlin] Mật khẩu đã băm từ cơ sở dữ liệu: 123456
[25-Sep-2024 09:15:08 Europe/Berlin] Mật khẩu người dùng nhập vào: 123456
[26-Sep-2024 03:29:09 Europe/Berlin] Mật khẩu đã băm từ cơ sở dữ liệu: 123456
[26-Sep-2024 03:29:09 Europe/Berlin] Mật khẩu người dùng nhập vào: 123456
[26-Sep-2024 12:21:47 Europe/Berlin] Mật khẩu đã băm từ cơ sở dữ liệu: admin1
[26-Sep-2024 12:21:47 Europe/Berlin] PHP Warning:  Undefined variable $matkhau in C:\xampp\htdocs\website-py\admin\login.php on line 36
[26-Sep-2024 12:21:47 Europe/Berlin] Mật khẩu người dùng nhập vào: 
[26-Sep-2024 12:24:56 Europe/Berlin] Mật khẩu đã băm từ cơ sở dữ liệu: admin1
[26-Sep-2024 12:24:56 Europe/Berlin] Mật khẩu người dùng nhập vào: admin1
[26-Sep-2024 12:27:03 Europe/Berlin] Mật khẩu đã băm từ cơ sở dữ liệu: 123456
[26-Sep-2024 12:27:03 Europe/Berlin] Mật khẩu người dùng nhập vào: 123456
[26-Sep-2024 12:28:09 Europe/Berlin] Mật khẩu đã băm từ cơ sở dữ liệu: admin1
[26-Sep-2024 12:28:09 Europe/Berlin] Mật khẩu người dùng nhập vào: admin1
[26-Sep-2024 12:44:16 Europe/Berlin] Mật khẩu đã băm từ cơ sở dữ liệu: 123456
[26-Sep-2024 12:44:16 Europe/Berlin] Mật khẩu người dùng nhập vào: 123456
[26-Sep-2024 12:45:14 Europe/Berlin] Mật khẩu đã băm từ cơ sở dữ liệu: 123
[26-Sep-2024 12:45:14 Europe/Berlin] Mật khẩu người dùng nhập vào: 123
[26-Sep-2024 12:49:59 Europe/Berlin] Mật khẩu đã băm từ cơ sở dữ liệu: 123456
[26-Sep-2024 12:49:59 Europe/Berlin] Mật khẩu người dùng nhập vào: 123456
[26-Sep-2024 12:50:24 Europe/Berlin] Mật khẩu đã băm từ cơ sở dữ liệu: 123
[26-Sep-2024 12:50:24 Europe/Berlin] Mật khẩu người dùng nhập vào: 123
[26-Sep-2024 12:52:00 Europe/Berlin] Mật khẩu đã băm từ cơ sở dữ liệu: 123
[26-Sep-2024 12:52:00 Europe/Berlin] Mật khẩu người dùng nhập vào: 123
[26-Sep-2024 12:58:24 Europe/Berlin] Mật khẩu đã băm từ cơ sở dữ liệu: 123
[26-Sep-2024 12:58:24 Europe/Berlin] Mật khẩu người dùng nhập vào: 123
[26-Sep-2024 12:59:52 Europe/Berlin] Mật khẩu đã băm từ cơ sở dữ liệu: 123
[26-Sep-2024 12:59:52 Europe/Berlin] Mật khẩu người dùng nhập vào: 123
[26-Sep-2024 13:10:34 Europe/Berlin] Mật khẩu từ cơ sở dữ liệu: 123
[26-Sep-2024 13:10:34 Europe/Berlin] Mật khẩu người dùng nhập vào: 123
[26-Sep-2024 13:10:34 Europe/Berlin] role: 1
[26-Sep-2024 13:10:57 Europe/Berlin] Mật khẩu từ cơ sở dữ liệu: 123456
[26-Sep-2024 13:10:57 Europe/Berlin] Mật khẩu người dùng nhập vào: 123456
[26-Sep-2024 13:10:57 Europe/Berlin] role: 0
[26-Sep-2024 13:14:01 Europe/Berlin] Mật khẩu từ cơ sở dữ liệu: 123
[26-Sep-2024 13:14:01 Europe/Berlin] Mật khẩu người dùng nhập vào: 123
[26-Sep-2024 13:14:01 Europe/Berlin] role: 1
[26-Sep-2024 13:24:33 Europe/Berlin] Mật khẩu từ cơ sở dữ liệu: 123
[26-Sep-2024 13:24:33 Europe/Berlin] Mật khẩu người dùng nhập vào: 123
[26-Sep-2024 13:24:33 Europe/Berlin] role: 1
[26-Sep-2024 13:39:41 Europe/Berlin] Mật khẩu từ cơ sở dữ liệu: 123
[26-Sep-2024 13:39:41 Europe/Berlin] Mật khẩu người dùng nhập vào: 123
[26-Sep-2024 13:39:41 Europe/Berlin] role: 1
[26-Sep-2024 13:40:17 Europe/Berlin] Mật khẩu từ cơ sở dữ liệu: 123456
[26-Sep-2024 13:40:17 Europe/Berlin] Mật khẩu người dùng nhập vào: 123456
[26-Sep-2024 13:40:17 Europe/Berlin] role: 0
[26-Sep-2024 13:40:27 Europe/Berlin] Mật khẩu từ cơ sở dữ liệu: 123
[26-Sep-2024 13:40:27 Europe/Berlin] Mật khẩu người dùng nhập vào: 123
[26-Sep-2024 13:40:27 Europe/Berlin] role: 1
[26-Sep-2024 13:51:09 Europe/Berlin] Mật khẩu từ cơ sở dữ liệu: 345
[26-Sep-2024 13:51:09 Europe/Berlin] Mật khẩu người dùng nhập vào: 345
[26-Sep-2024 13:51:09 Europe/Berlin] role: 1
[26-Sep-2024 13:57:21 Europe/Berlin] Mật khẩu từ cơ sở dữ liệu: 123456
[26-Sep-2024 13:57:21 Europe/Berlin] Mật khẩu người dùng nhập vào: 123456
[26-Sep-2024 13:57:21 Europe/Berlin] role: 0
[26-Sep-2024 13:58:15 Europe/Berlin] Mật khẩu từ cơ sở dữ liệu: 123
[26-Sep-2024 13:58:15 Europe/Berlin] Mật khẩu người dùng nhập vào: 123
[26-Sep-2024 13:58:15 Europe/Berlin] role: 1
[26-Sep-2024 14:07:19 Europe/Berlin] Mật khẩu từ cơ sở dữ liệu: 1234
[26-Sep-2024 14:07:19 Europe/Berlin] Mật khẩu người dùng nhập vào: 1234
[26-Sep-2024 14:07:19 Europe/Berlin] role: 0
[26-Sep-2024 14:07:39 Europe/Berlin] Mật khẩu từ cơ sở dữ liệu: 123
[26-Sep-2024 14:07:39 Europe/Berlin] Mật khẩu người dùng nhập vào: 123
[26-Sep-2024 14:07:39 Europe/Berlin] role: 1
[26-Sep-2024 14:29:16 Europe/Berlin] Mật khẩu từ cơ sở dữ liệu: 1234
[26-Sep-2024 14:29:16 Europe/Berlin] Mật khẩu người dùng nhập vào: 12345
[26-Sep-2024 14:29:16 Europe/Berlin] role: 0
[26-Sep-2024 14:29:19 Europe/Berlin] Mật khẩu từ cơ sở dữ liệu: 1234
[26-Sep-2024 14:29:19 Europe/Berlin] Mật khẩu người dùng nhập vào: 123456
[26-Sep-2024 14:29:19 Europe/Berlin] role: 0
[26-Sep-2024 14:29:24 Europe/Berlin] Mật khẩu từ cơ sở dữ liệu: 1234
[26-Sep-2024 14:29:24 Europe/Berlin] Mật khẩu người dùng nhập vào: 1234
[26-Sep-2024 14:29:24 Europe/Berlin] role: 0
[26-Sep-2024 14:32:30 Europe/Berlin] Mật khẩu từ cơ sở dữ liệu: 123
[26-Sep-2024 14:32:30 Europe/Berlin] Mật khẩu người dùng nhập vào: 123
[26-Sep-2024 14:32:30 Europe/Berlin] role: 1
[26-Sep-2024 14:33:19 Europe/Berlin] Mật khẩu từ cơ sở dữ liệu: 123
[26-Sep-2024 14:33:19 Europe/Berlin] Mật khẩu người dùng nhập vào: 123
[26-Sep-2024 14:33:19 Europe/Berlin] role: 1
[26-Sep-2024 14:37:01 Europe/Berlin] Mật khẩu từ cơ sở dữ liệu: 123
[26-Sep-2024 14:37:01 Europe/Berlin] Mật khẩu người dùng nhập vào: 123
[26-Sep-2024 14:37:01 Europe/Berlin] role: 1
[26-Sep-2024 14:39:00 Europe/Berlin] Mật khẩu từ cơ sở dữ liệu: 1234
[26-Sep-2024 14:39:00 Europe/Berlin] Mật khẩu người dùng nhập vào: 1234
[26-Sep-2024 14:39:00 Europe/Berlin] role: 0
[26-Sep-2024 14:39:10 Europe/Berlin] Mật khẩu từ cơ sở dữ liệu: 123
[26-Sep-2024 14:39:10 Europe/Berlin] Mật khẩu người dùng nhập vào: 123
[26-Sep-2024 14:39:10 Europe/Berlin] role: 1
[26-Sep-2024 14:43:26 Europe/Berlin] Mật khẩu từ cơ sở dữ liệu: 1234
[26-Sep-2024 14:43:26 Europe/Berlin] Mật khẩu người dùng nhập vào: 1234
[26-Sep-2024 14:43:26 Europe/Berlin] role: 0
[26-Sep-2024 16:09:32 Europe/Berlin] Mật khẩu từ cơ sở dữ liệu: 123
[26-Sep-2024 16:09:32 Europe/Berlin] Mật khẩu người dùng nhập vào: 123
[26-Sep-2024 16:09:32 Europe/Berlin] role: 1
[27-Sep-2024 02:58:08 Europe/Berlin] Mật khẩu từ cơ sở dữ liệu: 1234
[27-Sep-2024 02:58:08 Europe/Berlin] Mật khẩu người dùng nhập vào: 1234
[27-Sep-2024 02:58:08 Europe/Berlin] role: 0
[27-Sep-2024 02:58:23 Europe/Berlin] Mật khẩu từ cơ sở dữ liệu: 123
[27-Sep-2024 02:58:23 Europe/Berlin] Mật khẩu người dùng nhập vào: 123
[27-Sep-2024 02:58:23 Europe/Berlin] role: 1
[29-Sep-2024 17:53:48 Europe/Berlin] Mật khẩu từ cơ sở dữ liệu: 123
[29-Sep-2024 17:53:48 Europe/Berlin] Mật khẩu người dùng nhập vào: 123
[29-Sep-2024 17:53:48 Europe/Berlin] role: 1
[01-Oct-2024 09:05:16 Europe/Berlin] Mật khẩu từ cơ sở dữ liệu: 1234
[01-Oct-2024 09:05:16 Europe/Berlin] Mật khẩu người dùng nhập vào: 1234
[01-Oct-2024 09:05:16 Europe/Berlin] role: 0
[01-Oct-2024 09:45:24 Europe/Berlin] Mật khẩu từ cơ sở dữ liệu: 1234
[01-Oct-2024 09:45:24 Europe/Berlin] Mật khẩu người dùng nhập vào: 1234
[01-Oct-2024 09:45:24 Europe/Berlin] role: 0
[01-Oct-2024 09:49:55 Europe/Berlin] Mật khẩu từ cơ sở dữ liệu: 123
[01-Oct-2024 09:49:55 Europe/Berlin] Mật khẩu người dùng nhập vào: 123
[01-Oct-2024 09:49:55 Europe/Berlin] role: 1
[01-Oct-2024 09:52:13 Europe/Berlin] Mật khẩu từ cơ sở dữ liệu: 1234
[01-Oct-2024 09:52:13 Europe/Berlin] Mật khẩu người dùng nhập vào: 1234
[01-Oct-2024 09:52:13 Europe/Berlin] role: 0
[01-Oct-2024 12:16:11 Europe/Berlin] Mật khẩu từ cơ sở dữ liệu: 1234
[01-Oct-2024 12:16:11 Europe/Berlin] Mật khẩu người dùng nhập vào: 1234
[01-Oct-2024 12:16:11 Europe/Berlin] role: 0
[01-Oct-2024 12:30:11 Europe/Berlin] PHP Warning:  mysqli::__construct(): Error while reading greeting packet. PID=31056 in C:\xampp\htdocs\website-py\Graphics\login\dangnhap.php on line 12
[01-Oct-2024 12:30:11 Europe/Berlin] PHP Fatal error:  Maximum execution time of 120 seconds exceeded in C:\xampp\htdocs\website-py\Graphics\login\dangnhap.php on line 12
[01-Oct-2024 12:30:11 Europe/Berlin] PHP Fatal error:  Maximum execution time of 120 seconds exceeded in C:\xampp\htdocs\website-py\Graphics\login\dangnhap.php on line 7
[01-Oct-2024 12:30:11 Europe/Berlin] PHP Fatal error:  Maximum execution time of 120 seconds exceeded in C:\xampp\htdocs\website-py\Graphics\login\dangnhap.php on line 7
[01-Oct-2024 12:30:11 Europe/Berlin] PHP Fatal error:  Maximum execution time of 120 seconds exceeded in C:\xampp\htdocs\website-py\Graphics\login\dangnhap.php on line 7
[01-Oct-2024 12:30:11 Europe/Berlin] PHP Fatal error:  Maximum execution time of 120 seconds exceeded in C:\xampp\htdocs\website-py\Graphics\login\dangnhap.php on line 7
[01-Oct-2024 12:30:11 Europe/Berlin] PHP Fatal error:  Maximum execution time of 120 seconds exceeded in C:\xampp\htdocs\website-py\Graphics\login\dangnhap.php on line 7
[01-Oct-2024 12:30:11 Europe/Berlin] Mật khẩu từ cơ sở dữ liệu: 123
[01-Oct-2024 12:30:11 Europe/Berlin] Mật khẩu người dùng nhập vào: 123
[01-Oct-2024 12:30:11 Europe/Berlin] role: 1
[01-Oct-2024 15:27:16 Europe/Berlin] Mật khẩu từ cơ sở dữ liệu: 1234
[01-Oct-2024 15:27:16 Europe/Berlin] Mật khẩu người dùng nhập vào: 1234
[01-Oct-2024 15:27:16 Europe/Berlin] role: 0
[01-Oct-2024 17:15:31 Europe/Berlin] Mật khẩu từ cơ sở dữ liệu: 1234
[01-Oct-2024 17:15:31 Europe/Berlin] Mật khẩu người dùng nhập vào: 1234
[01-Oct-2024 17:15:31 Europe/Berlin] role: 0
[01-Oct-2024 17:34:48 Europe/Berlin] Mật khẩu từ cơ sở dữ liệu: 123
[01-Oct-2024 17:34:48 Europe/Berlin] Mật khẩu người dùng nhập vào: 123
[01-Oct-2024 17:34:48 Europe/Berlin] role: 1
[01-Oct-2024 17:35:50 Europe/Berlin] Mật khẩu từ cơ sở dữ liệu: 123
[01-Oct-2024 17:35:50 Europe/Berlin] Mật khẩu người dùng nhập vào: 123
[01-Oct-2024 17:35:50 Europe/Berlin] role: 1
[01-Oct-2024 18:44:50 Europe/Berlin] Mật khẩu từ cơ sở dữ liệu: 1234
[01-Oct-2024 18:44:50 Europe/Berlin] Mật khẩu người dùng nhập vào: 1234
[01-Oct-2024 18:44:50 Europe/Berlin] role: 0
[01-Oct-2024 18:48:08 Europe/Berlin] Mật khẩu từ cơ sở dữ liệu: 1234
[01-Oct-2024 18:48:08 Europe/Berlin] Mật khẩu người dùng nhập vào: 123456
[01-Oct-2024 18:48:08 Europe/Berlin] role: 0
[01-Oct-2024 18:48:08 Europe/Berlin] Mật khẩu từ cơ sở dữ liệu: 1234
[01-Oct-2024 18:48:08 Europe/Berlin] Mật khẩu người dùng nhập vào: 123456
[01-Oct-2024 18:48:08 Europe/Berlin] role: 0
[01-Oct-2024 18:48:40 Europe/Berlin] Mật khẩu từ cơ sở dữ liệu: 123456
[01-Oct-2024 18:48:40 Europe/Berlin] Mật khẩu người dùng nhập vào: 1234
[01-Oct-2024 18:48:40 Europe/Berlin] role: 0
[01-Oct-2024 18:48:42 Europe/Berlin] Mật khẩu từ cơ sở dữ liệu: 123456
[01-Oct-2024 18:48:42 Europe/Berlin] Mật khẩu người dùng nhập vào: 123456
[01-Oct-2024 18:48:42 Europe/Berlin] role: 0
[01-Oct-2024 19:08:42 Europe/Berlin] Mật khẩu từ cơ sở dữ liệu: 123456
[01-Oct-2024 19:08:42 Europe/Berlin] Mật khẩu người dùng nhập vào: 123
[01-Oct-2024 19:08:42 Europe/Berlin] role: 0
[01-Oct-2024 19:08:45 Europe/Berlin] Mật khẩu từ cơ sở dữ liệu: 123456
[01-Oct-2024 19:08:45 Europe/Berlin] Mật khẩu người dùng nhập vào: 123456
[01-Oct-2024 19:08:45 Europe/Berlin] role: 0
[02-Oct-2024 02:43:26 Europe/Berlin] Mật khẩu từ cơ sở dữ liệu: 123456
[02-Oct-2024 02:43:26 Europe/Berlin] Mật khẩu người dùng nhập vào: 123456
[02-Oct-2024 02:43:26 Europe/Berlin] role: 0
[02-Oct-2024 02:44:09 Europe/Berlin] Mật khẩu từ cơ sở dữ liệu: 123
[02-Oct-2024 02:44:09 Europe/Berlin] Mật khẩu người dùng nhập vào: 123
[02-Oct-2024 02:44:09 Europe/Berlin] role: 1
[02-Oct-2024 02:47:26 Europe/Berlin] Mật khẩu từ cơ sở dữ liệu: 123456
[02-Oct-2024 02:47:26 Europe/Berlin] Mật khẩu người dùng nhập vào: 123456
[02-Oct-2024 02:47:26 Europe/Berlin] role: 0
[02-Oct-2024 13:35:02 Europe/Berlin] Mật khẩu từ cơ sở dữ liệu: 123456
[02-Oct-2024 13:35:02 Europe/Berlin] Mật khẩu người dùng nhập vào: 123456
[02-Oct-2024 13:35:02 Europe/Berlin] role: 0
[02-Oct-2024 14:12:17 Europe/Berlin] Mật khẩu từ cơ sở dữ liệu: 12345
[02-Oct-2024 14:12:17 Europe/Berlin] Mật khẩu người dùng nhập vào: 12345
[02-Oct-2024 14:12:17 Europe/Berlin] role: 0
